<?xml version="1.0" encoding="UTF-8"?>
<!-- Generated by org.testng.reporters.JUnitReportReporter -->
<testsuite hostname="DESKTOP-7ST7156" failures="0" tests="3" name="testNG.TestNgParameter" time="0.021" errors="0" timestamp="2023-02-12T16:44:51 IST" skipped="0">
  <testcase classname="testNG.TestNgParameter" name="add" time="0.018"/>
  <system-out/>
  <testcase classname="testNG.TestNgParameter" name="sub" time="0.001"/>
  <system-out/>
  <testcase classname="testNG.TestNgParameter" name="mul" time="0.002"/>
  <system-out/>
</testsuite> <!-- testNG.TestNgParameter -->
