<?xml version="1.0" encoding="UTF-8"?>
<!-- Generated by org.testng.reporters.JUnitReportReporter -->
<testsuite hostname="DESKTOP-7ST7156" failures="0" tests="2" name="testNG.GoogleParameterSearch" time="7.285" errors="0" timestamp="2023-02-12T17:03:40 IST" skipped="0">
  <testcase classname="testNG.GoogleParameterSearch" name="googleSearch" time="2.773"/>
  <system-out/>
  <testcase classname="testNG.GoogleParameterSearch" name="googleSearch" time="4.512"/>
  <system-out/>
</testsuite> <!-- testNG.GoogleParameterSearch -->
