<?xml version="1.0" encoding="UTF-8"?>
<!-- Generated by org.testng.reporters.JUnitReportReporter -->
<testsuite hostname="DESKTOP-7ST7156" failures="0" tests="3" name="testNG.EnableDisableTest" time="0.014" errors="0" timestamp="2023-02-12T12:39:12 IST" skipped="2">
  <testcase classname="testNG.EnableDisableTest" name="ApiLoginPersonalLoan" time="0.014"/>
  <system-out/>
  <testcase classname="testNG.EnableDisableTest" name="MobileLoginPersonalLoan">
    <skipped/>
  </testcase> <!-- MobileLoginPersonalLoan -->
  <system-out/>
  <testcase classname="testNG.EnableDisableTest" name="WebLoginPersonalLoan">
    <skipped/>
  </testcase> <!-- WebLoginPersonalLoan -->
  <system-out/>
</testsuite> <!-- testNG.EnableDisableTest -->
