<?xml version="1.0" encoding="UTF-8"?>
<!-- Generated by org.testng.reporters.JUnitReportReporter -->
<testsuite hostname="DESKTOP-7ST7156" failures="0" tests="1" name="DemoProject.test.TestngExample" time="6.646" errors="0" timestamp="2023-02-12T11:47:35 IST" skipped="0">
  <testcase classname="DemoProject.test.TestngExample" name="verifyPageTitle" time="6.646"/>
  <system-out/>
</testsuite> <!-- DemoProject.test.TestngExample -->
