<?xml version="1.0" encoding="UTF-8"?>
<!-- Generated by org.testng.reporters.JUnitReportReporter -->
<testsuite hostname="DESKTOP-7ST7156" failures="0" tests="2" name="testNG.AnnotationAttributes" time="0.015" errors="0" timestamp="2023-02-12T16:27:51 IST" skipped="0">
  <testcase classname="testNG.AnnotationAttributes" name="ApiLoginPersonalLoan" time="0.013"/>
  <system-out/>
  <testcase classname="testNG.AnnotationAttributes" name="OTPLoginPersonalLoan" time="0.002"/>
  <system-out/>
</testsuite> <!-- testNG.AnnotationAttributes -->
