<?xml version="1.0" encoding="UTF-8"?>
<!-- Generated by org.testng.reporters.JUnitReportReporter -->
<testsuite hostname="DESKTOP-7ST7156" failures="0" tests="2" name="DemoProject.test.TestNGXML" time="0.016" errors="0" timestamp="2023-02-12T12:22:37 IST" skipped="0">
  <testcase classname="DemoProject.test.TestNGXML" name="test2" time="0.002"/>
  <system-out/>
  <testcase classname="DemoProject.test.TestNGXML" name="test1" time="0.014"/>
  <system-out/>
</testsuite> <!-- DemoProject.test.TestNGXML -->
