<?xml version="1.0" encoding="UTF-8"?>
<!-- Generated by org.testng.reporters.JUnitReportReporter -->
<testsuite hostname="DESKTOP-7ST7156" failures="0" tests="2" name="testNG.Annotations" time="0.039" errors="0" timestamp="2023-02-12T14:33:09 IST" skipped="0">
  <testcase classname="testNG.Annotations" name="test1" time="0.032"/>
  <system-out/>
  <testcase classname="testNG.Annotations" name="test2" time="0.007"/>
  <system-out/>
</testsuite> <!-- testNG.Annotations -->
